Release 14.2 - xst P.28xd (nt64)
Copyright (c) 1995-2012 Xilinx, Inc.  All rights reserved.
--> Parameter TMPDIR set to xst/projnav.tmp


Total REAL time to Xst completion: 0.00 secs
Total CPU time to Xst completion: 0.11 secs
 
--> Parameter xsthdpdir set to xst


Total REAL time to Xst completion: 0.00 secs
Total CPU time to Xst completion: 0.11 secs
 
--> Reading design: ASM.prj

TABLE OF CONTENTS
  1) Synthesis Options Summary
  2) HDL Parsing
  3) HDL Elaboration
  4) HDL Synthesis
       4.1) HDL Synthesis Report
  5) Advanced HDL Synthesis
       5.1) Advanced HDL Synthesis Report
  6) Low Level Synthesis
  7) Partition Report
  8) Design Summary
       8.1) Primitive and Black Box Usage
       8.2) Device utilization summary
       8.3) Partition Resource Summary
       8.4) Timing Report
            8.4.1) Clock Information
            8.4.2) Asynchronous Control Signals Information
            8.4.3) Timing Summary
            8.4.4) Timing Details
            8.4.5) Cross Clock Domains Report


=========================================================================
*                      Synthesis Options Summary                        *
=========================================================================
---- Source Parameters
Input File Name                    : "ASM.prj"
Ignore Synthesis Constraint File   : NO

---- Target Parameters
Output File Name                   : "ASM"
Output Format                      : NGC
Target Device                      : xc6slx16-3-csg324

---- Source Options
Top Module Name                    : ASM
Automatic FSM Extraction           : YES
FSM Encoding Algorithm             : Auto
Safe Implementation                : No
FSM Style                          : LUT
RAM Extraction                     : Yes
RAM Style                          : Auto
ROM Extraction                     : Yes
Shift Register Extraction          : YES
ROM Style                          : Auto
Resource Sharing                   : YES
Asynchronous To Synchronous        : NO
Shift Register Minimum Size        : 2
Use DSP Block                      : Auto
Automatic Register Balancing       : No

---- Target Options
LUT Combining                      : Auto
Reduce Control Sets                : Auto
Add IO Buffers                     : YES
Global Maximum Fanout              : 100000
Add Generic Clock Buffer(BUFG)     : 16
Register Duplication               : YES
Optimize Instantiated Primitives   : NO
Use Clock Enable                   : Auto
Use Synchronous Set                : Auto
Use Synchronous Reset              : Auto
Pack IO Registers into IOBs        : Auto
Equivalent register Removal        : YES

---- General Options
Optimization Goal                  : Speed
Optimization Effort                : 1
Power Reduction                    : NO
Keep Hierarchy                     : No
Netlist Hierarchy                  : As_Optimized
RTL Output                         : Yes
Global Optimization                : AllClockNets
Read Cores                         : YES
Write Timing Constraints           : NO
Cross Clock Analysis               : NO
Hierarchy Separator                : /
Bus Delimiter                      : <>
Case Specifier                     : Maintain
Slice Utilization Ratio            : 100
BRAM Utilization Ratio             : 100
DSP48 Utilization Ratio            : 100
Auto BRAM Packing                  : NO
Slice Utilization Ratio Delta      : 5

=========================================================================


=========================================================================
*                          HDL Parsing                                  *
=========================================================================
Analyzing Verilog file "\\ad\eng\users\h\i\hirokik\Desktop\EC311\project\ec311_project\clk_divider.v" into library work
Parsing module <clk_divider>.
Analyzing Verilog file "\\ad\eng\users\h\i\hirokik\Desktop\EC311\project\ec311_project\binary_to_segment.v" into library work
Parsing module <binary_to_segment>.
Analyzing Verilog file "\\ad\eng\users\h\i\hirokik\Desktop\EC311\project\ec311_project\seven_segment.v" into library work
Parsing module <seven_segment>.
Analyzing Verilog file "\\ad\eng\users\h\i\hirokik\Desktop\EC311\project\ec311_project\degital_lock.v" into library work
Parsing module <ASM>.
WARNING:HDLCompiler:568 - "\\ad\eng\users\h\i\hirokik\Desktop\EC311\project\ec311_project\degital_lock.v" Line 107: Constant value is truncated to fit in <2> bits.

=========================================================================
*                            HDL Elaboration                            *
=========================================================================

Elaborating module <ASM>.

Elaborating module <clk_divider>.
WARNING:HDLCompiler:413 - "\\ad\eng\users\h\i\hirokik\Desktop\EC311\project\ec311_project\clk_divider.v" Line 42: Result of 29-bit expression is truncated to fit in 28-bit target.
WARNING:HDLCompiler:189 - "\\ad\eng\users\h\i\hirokik\Desktop\EC311\project\ec311_project\degital_lock.v" Line 70: Size mismatch in connection of port <toggle_value>. Formal port size is 28-bit while actual signal size is 26-bit.
WARNING:HDLCompiler:189 - "\\ad\eng\users\h\i\hirokik\Desktop\EC311\project\ec311_project\degital_lock.v" Line 71: Size mismatch in connection of port <toggle_value>. Formal port size is 28-bit while actual signal size is 25-bit.
WARNING:HDLCompiler:413 - "\\ad\eng\users\h\i\hirokik\Desktop\EC311\project\ec311_project\degital_lock.v" Line 99: Result of 5-bit expression is truncated to fit in 4-bit target.
WARNING:HDLCompiler:413 - "\\ad\eng\users\h\i\hirokik\Desktop\EC311\project\ec311_project\degital_lock.v" Line 109: Result of 4-bit expression is truncated to fit in 3-bit target.

Elaborating module <seven_segment>.

Elaborating module <binary_to_segment>.
WARNING:HDLCompiler:189 - "\\ad\eng\users\h\i\hirokik\Desktop\EC311\project\ec311_project\seven_segment.v" Line 46: Size mismatch in connection of port <toggle_value>. Formal port size is 28-bit while actual signal size is 16-bit.
WARNING:HDLCompiler:413 - "\\ad\eng\users\h\i\hirokik\Desktop\EC311\project\ec311_project\seven_segment.v" Line 50: Result of 3-bit expression is truncated to fit in 2-bit target.
WARNING:HDLCompiler:634 - "\\ad\eng\users\h\i\hirokik\Desktop\EC311\project\ec311_project\seven_segment.v" Line 29: Net <rst> does not have a driver.
WARNING:HDLCompiler:634 - "\\ad\eng\users\h\i\hirokik\Desktop\EC311\project\ec311_project\degital_lock.v" Line 46: Net <cnt[2]> does not have a driver.

=========================================================================
*                           HDL Synthesis                               *
=========================================================================

Synthesizing Unit <ASM>.
    Related source file is "\\ad\eng\users\h\i\hirokik\Desktop\EC311\project\ec311_project\degital_lock.v".
        IDLE = 6'b000000
        UNLOCKED = 6'b000010
        CHANGING = 6'b000011
        GETFIRSTDIGIT = 6'b000100
        GETSECONDIGIT = 6'b000101
        GETTHIRDDIGIT = 6'b000110
        GETFOURTHDIGIT = 6'b000111
        ILOVEEC311 = 6'b001000
        OUT = 6'b001001
        C = 5'b01100
        L = 5'b10000
        tire = 5'b10001
        blank = 5'b10010
        d = 5'b01101
WARNING:Xst:653 - Signal <cnt> is used but never assigned. This sourceless signal will be automatically connected to value GND.
    Found 16-bit register for signal <password>.
    Found 6-bit register for signal <current_state>.
    Found 1-bit register for signal <inpassword<15>>.
    Found 1-bit register for signal <inpassword<14>>.
    Found 1-bit register for signal <inpassword<13>>.
    Found 1-bit register for signal <inpassword<12>>.
    Found 1-bit register for signal <inpassword<11>>.
    Found 1-bit register for signal <inpassword<10>>.
    Found 1-bit register for signal <inpassword<9>>.
    Found 1-bit register for signal <inpassword<8>>.
    Found 1-bit register for signal <inpassword<7>>.
    Found 1-bit register for signal <inpassword<6>>.
    Found 1-bit register for signal <inpassword<5>>.
    Found 1-bit register for signal <inpassword<4>>.
    Found 1-bit register for signal <inpassword<3>>.
    Found 1-bit register for signal <inpassword<2>>.
    Found 1-bit register for signal <inpassword<1>>.
    Found 1-bit register for signal <inpassword<0>>.
    Found 4-bit register for signal <timer>.
    Found 4-bit register for signal <prev_sw>.
    Found 3-bit register for signal <timer_out>.
    Found 1-bit register for signal <unlocked>.
    Found 1-bit register for signal <changing>.
    Found 20-bit register for signal <ssd>.
    Found 4-bit register for signal <led>.
    Found finite state machine <FSM_0> for signal <current_state>.
    -----------------------------------------------------------------------
    | States             | 9                                              |
    | Transitions        | 50                                             |
    | Inputs             | 9                                              |
    | Outputs            | 9                                              |
    | Clock              | divided_clk (rising_edge)                      |
    | Reset              | rst (positive)                                 |
    | Reset type         | asynchronous                                   |
    | Reset State        | 000000                                         |
    | Encoding           | auto                                           |
    | Implementation     | LUT                                            |
    -----------------------------------------------------------------------
    Found 4-bit adder for signal <timer[3]_GND_1_o_add_6_OUT> created at line 99.
    Found 3-bit adder for signal <timer_out[2]_GND_1_o_add_14_OUT> created at line 109.
    Found 20-bit 8-to-1 multiplexer for signal <_n0344> created at line 338.
    Found 4-bit comparator greater for signal <n0001> created at line 80
    Found 4-bit comparator not equal for signal <n0008> created at line 92
    Found 3-bit comparator greater for signal <n0017> created at line 107
    Found 3-bit comparator greater for signal <n0023> created at line 128
    Found 16-bit comparator equal for signal <password[15]_inpassword[15]_equal_50_o> created at line 233
    WARNING:Xst:2404 -  FFs/Latches <led<5:4>> (without init value) have a constant value of 0 in block <ASM>.
    Summary:
	inferred   2 Adder/Subtractor(s).
	inferred  69 D-type flip-flop(s).
	inferred   5 Comparator(s).
	inferred  19 Multiplexer(s).
	inferred   1 Finite State Machine(s).
Unit <ASM> synthesized.

Synthesizing Unit <clk_divider>.
    Related source file is "\\ad\eng\users\h\i\hirokik\Desktop\EC311\project\ec311_project\clk_divider.v".
    Found 28-bit register for signal <cnt>.
    Found 1-bit register for signal <divided_clk>.
    Found 28-bit adder for signal <cnt[27]_GND_2_o_add_2_OUT> created at line 42.
    Found 28-bit comparator equal for signal <cnt[27]_toggle_value[27]_equal_2_o> created at line 37
    Summary:
	inferred   1 Adder/Subtractor(s).
	inferred  29 D-type flip-flop(s).
	inferred   1 Comparator(s).
	inferred   1 Multiplexer(s).
Unit <clk_divider> synthesized.

Synthesizing Unit <seven_segment>.
    Related source file is "\\ad\eng\users\h\i\hirokik\Desktop\EC311\project\ec311_project\seven_segment.v".
WARNING:Xst:653 - Signal <rst> is used but never assigned. This sourceless signal will be automatically connected to value GND.
    Found 4-bit register for signal <AN>.
    Found 7-bit register for signal <seven_out>.
    Found 2-bit register for signal <count>.
    Found 2-bit adder for signal <count[1]_GND_3_o_add_1_OUT> created at line 50.
    Found 4x4-bit Read Only RAM for signal <count[1]_GND_3_o_wide_mux_2_OUT>
    Found 7-bit 4-to-1 multiplexer for signal <count[1]_seven_out3[6]_wide_mux_3_OUT> created at line 51.
    Summary:
	inferred   1 RAM(s).
	inferred   1 Adder/Subtractor(s).
	inferred  13 D-type flip-flop(s).
	inferred   1 Multiplexer(s).
Unit <seven_segment> synthesized.

Synthesizing Unit <binary_to_segment>.
    Related source file is "\\ad\eng\users\h\i\hirokik\Desktop\EC311\project\ec311_project\binary_to_segment.v".
    Found 32x7-bit Read Only RAM for signal <seven_out>
    Summary:
	inferred   1 RAM(s).
Unit <binary_to_segment> synthesized.

=========================================================================
HDL Synthesis Report

Macro Statistics
# RAMs                                                 : 5
 32x7-bit single-port Read Only RAM                    : 4
 4x4-bit single-port Read Only RAM                     : 1
# Adders/Subtractors                                   : 6
 2-bit adder                                           : 1
 28-bit adder                                          : 3
 3-bit adder                                           : 1
 4-bit adder                                           : 1
# Registers                                            : 33
 1-bit register                                        : 21
 16-bit register                                       : 1
 2-bit register                                        : 1
 20-bit register                                       : 1
 28-bit register                                       : 3
 3-bit register                                        : 1
 4-bit register                                        : 4
 7-bit register                                        : 1
# Comparators                                          : 8
 16-bit comparator equal                               : 1
 28-bit comparator equal                               : 3
 3-bit comparator greater                              : 2
 4-bit comparator greater                              : 1
 4-bit comparator not equal                            : 1
# Multiplexers                                         : 23
 1-bit 2-to-1 multiplexer                              : 16
 20-bit 2-to-1 multiplexer                             : 2
 20-bit 8-to-1 multiplexer                             : 1
 28-bit 2-to-1 multiplexer                             : 3
 7-bit 4-to-1 multiplexer                              : 1
# FSMs                                                 : 1

=========================================================================

=========================================================================
*                       Advanced HDL Synthesis                          *
=========================================================================


Synthesizing (advanced) Unit <ASM>.
The following registers are absorbed into counter <timer>: 1 register on signal <timer>.
The following registers are absorbed into counter <timer_out>: 1 register on signal <timer_out>.
Unit <ASM> synthesized (advanced).

Synthesizing (advanced) Unit <binary_to_segment>.
INFO:Xst:3231 - The small RAM <Mram_seven_out> will be implemented on LUTs in order to maximize performance and save block RAM resources. If you want to force its implementation on block, use option/constraint ram_style.
    -----------------------------------------------------------------------
    | ram_type           | Distributed                         |          |
    -----------------------------------------------------------------------
    | Port A                                                              |
    |     aspect ratio   | 32-word x 7-bit                     |          |
    |     weA            | connected to signal <GND>           | high     |
    |     addrA          | connected to signal <binary_in>     |          |
    |     diA            | connected to signal <GND>           |          |
    |     doA            | connected to signal <seven_out>     |          |
    -----------------------------------------------------------------------
Unit <binary_to_segment> synthesized (advanced).

Synthesizing (advanced) Unit <clk_divider>.
The following registers are absorbed into counter <cnt>: 1 register on signal <cnt>.
Unit <clk_divider> synthesized (advanced).

Synthesizing (advanced) Unit <seven_segment>.
The following registers are absorbed into counter <count>: 1 register on signal <count>.
INFO:Xst:3231 - The small RAM <Mram_count[1]_GND_3_o_wide_mux_2_OUT> will be implemented on LUTs in order to maximize performance and save block RAM resources. If you want to force its implementation on block, use option/constraint ram_style.
    -----------------------------------------------------------------------
    | ram_type           | Distributed                         |          |
    -----------------------------------------------------------------------
    | Port A                                                              |
    |     aspect ratio   | 4-word x 4-bit                      |          |
    |     weA            | connected to signal <GND>           | high     |
    |     addrA          | connected to signal <count>         |          |
    |     diA            | connected to signal <GND>           |          |
    |     doA            | connected to internal node          |          |
    -----------------------------------------------------------------------
Unit <seven_segment> synthesized (advanced).

=========================================================================
Advanced HDL Synthesis Report

Macro Statistics
# RAMs                                                 : 5
 32x7-bit single-port distributed Read Only RAM        : 4
 4x4-bit single-port distributed Read Only RAM         : 1
# Counters                                             : 6
 2-bit up counter                                      : 1
 28-bit up counter                                     : 3
 3-bit up counter                                      : 1
 4-bit up counter                                      : 1
# Registers                                            : 76
 Flip-Flops                                            : 76
# Comparators                                          : 8
 16-bit comparator equal                               : 1
 28-bit comparator equal                               : 3
 3-bit comparator greater                              : 2
 4-bit comparator greater                              : 1
 4-bit comparator not equal                            : 1
# Multiplexers                                         : 20
 1-bit 2-to-1 multiplexer                              : 16
 20-bit 2-to-1 multiplexer                             : 2
 20-bit 8-to-1 multiplexer                             : 1
 7-bit 4-to-1 multiplexer                              : 1
# FSMs                                                 : 1

=========================================================================

=========================================================================
*                         Low Level Synthesis                           *
=========================================================================
Analyzing FSM <MFsm> for best encoding.
Optimizing FSM <FSM_0> on signal <current_state[1:6]> with user encoding.
--------------------
 State  | Encoding
--------------------
 000000 | 000000
 000100 | 000100
 000011 | 000011
 000101 | 000101
 000110 | 000110
 000111 | 000111
 000010 | 000010
 001000 | 001000
 001001 | 001001
--------------------

Optimizing unit <ASM> ...

Optimizing unit <seven_segment> ...

Mapping all equations...
Building and optimizing final netlist ...
Found area constraint ratio of 100 (+ 5) on block ASM, actual ratio is 2.

Final Macro Processing ...

=========================================================================
Final Register Report

Macro Statistics
# Registers                                            : 173
 Flip-Flops                                            : 173

=========================================================================

=========================================================================
*                           Partition Report                            *
=========================================================================

Partition Implementation Status
-------------------------------

  No Partitions were found in this design.

-------------------------------

=========================================================================
*                            Design Summary                             *
=========================================================================

Top Level Output File Name         : ASM.ngc

Primitive and Black Box Usage:
------------------------------
# BELS                             : 413
#      GND                         : 1
#      INV                         : 3
#      LUT2                        : 103
#      LUT3                        : 5
#      LUT4                        : 13
#      LUT5                        : 44
#      LUT6                        : 49
#      MUXCY                       : 105
#      MUXF7                       : 5
#      VCC                         : 1
#      XORCY                       : 84
# FlipFlops/Latches                : 173
#      FD                          : 48
#      FDC                         : 62
#      FDCE                        : 32
#      FDE                         : 24
#      FDR                         : 4
#      FDRE                        : 3
# Clock Buffers                    : 1
#      BUFGP                       : 1
# IO Buffers                       : 27
#      IBUF                        : 8
#      OBUF                        : 19

Device utilization summary:
---------------------------

Selected Device : 6slx16csg324-3 


Slice Logic Utilization: 
 Number of Slice Registers:             169  out of  18224     0%  
 Number of Slice LUTs:                  217  out of   9112     2%  
    Number used as Logic:               217  out of   9112     2%  

Slice Logic Distribution: 
 Number of LUT Flip Flop pairs used:    236
   Number with an unused Flip Flop:      67  out of    236    28%  
   Number with an unused LUT:            19  out of    236     8%  
   Number of fully used LUT-FF pairs:   150  out of    236    63%  
   Number of unique control sets:        13

IO Utilization: 
 Number of IOs:                          28
 Number of bonded IOBs:                  28  out of    232    12%  
    IOB Flip Flops/Latches:               4

Specific Feature Utilization:
 Number of BUFG/BUFGCTRLs:                1  out of     16     6%  

---------------------------
Partition Resource Summary:
---------------------------

  No Partitions were found in this design.

---------------------------


=========================================================================
Timing Report

NOTE: THESE TIMING NUMBERS ARE ONLY A SYNTHESIS ESTIMATE.
      FOR ACCURATE TIMING INFORMATION PLEASE REFER TO THE TRACE REPORT
      GENERATED AFTER PLACE-and-ROUTE.

Clock Information:
------------------
-----------------------------------+------------------------+-------+
Clock Signal                       | Clock buffer(FF name)  | Load  |
-----------------------------------+------------------------+-------+
clk                                | BUFGP                  | 145   |
slowerClk/divided_clk              | NONE(prev_sw_0)        | 12    |
slowerClk_2Hz/divided_clk          | NONE(timer_out_0)      | 3     |
sevenSEG/slowerClk/divided_clk     | NONE(sevenSEG/count_1) | 13    |
-----------------------------------+------------------------+-------+
INFO:Xst:2169 - HDL ADVISOR - Some clock signals were not automatically buffered by XST with BUFG/BUFR resources. Please use the buffer_type constraint in order to insert these buffers to the clock signals to help prevent skew problems.

Asynchronous Control Signals Information:
----------------------------------------
No asynchronous control signals found in this design

Timing Summary:
---------------
Speed Grade: -3

   Minimum period: 4.296ns (Maximum Frequency: 232.774MHz)
   Minimum input arrival time before clock: 5.765ns
   Maximum output required time after clock: 3.701ns
   Maximum combinational path delay: No path found

Timing Details:
---------------
All values displayed in nanoseconds (ns)

=========================================================================
Timing constraint: Default period analysis for Clock 'clk'
  Clock period: 4.296ns (frequency: 232.774MHz)
  Total number of paths / destination ports: 37815 / 141
-------------------------------------------------------------------------
Delay:               4.296ns (Levels of Logic = 35)
  Source:            slowerClk/cnt_0 (FF)
  Destination:       slowerClk/cnt_27 (FF)
  Source Clock:      clk rising
  Destination Clock: clk rising

  Data Path: slowerClk/cnt_0 to slowerClk/cnt_27
                                Gate     Net
    Cell:in->out      fanout   Delay   Delay  Logical Name (Net Name)
    ----------------------------------------  ------------
     FDC:C->Q              2   0.447   0.981  slowerClk/cnt_0 (slowerClk/cnt_0)
     LUT6:I0->O            1   0.203   0.000  slowerClk/Mcompar_cnt[27]_toggle_value[27]_equal_2_o_lut<0> (slowerClk/Mcompar_cnt[27]_toggle_value[27]_equal_2_o_lut<0>)
     MUXCY:S->O            1   0.172   0.000  slowerClk/Mcompar_cnt[27]_toggle_value[27]_equal_2_o_cy<0> (slowerClk/Mcompar_cnt[27]_toggle_value[27]_equal_2_o_cy<0>)
     MUXCY:CI->O           1   0.019   0.000  slowerClk/Mcompar_cnt[27]_toggle_value[27]_equal_2_o_cy<1> (slowerClk/Mcompar_cnt[27]_toggle_value[27]_equal_2_o_cy<1>)
     MUXCY:CI->O           1   0.019   0.000  slowerClk/Mcompar_cnt[27]_toggle_value[27]_equal_2_o_cy<2> (slowerClk/Mcompar_cnt[27]_toggle_value[27]_equal_2_o_cy<2>)
     MUXCY:CI->O           1   0.019   0.000  slowerClk/Mcompar_cnt[27]_toggle_value[27]_equal_2_o_cy<3> (slowerClk/Mcompar_cnt[27]_toggle_value[27]_equal_2_o_cy<3>)
     MUXCY:CI->O          30   0.019   1.264  slowerClk/Mcompar_cnt[27]_toggle_value[27]_equal_2_o_cy<4> (slowerClk/cnt[27]_toggle_value[27]_equal_2_o)
     LUT2:I1->O            1   0.205   0.000  slowerClk/Mcount_cnt_lut<0> (slowerClk/Mcount_cnt_lut<0>)
     MUXCY:S->O            1   0.172   0.000  slowerClk/Mcount_cnt_cy<0> (slowerClk/Mcount_cnt_cy<0>)
     MUXCY:CI->O           1   0.019   0.000  slowerClk/Mcount_cnt_cy<1> (slowerClk/Mcount_cnt_cy<1>)
     MUXCY:CI->O           1   0.019   0.000  slowerClk/Mcount_cnt_cy<2> (slowerClk/Mcount_cnt_cy<2>)
     MUXCY:CI->O           1   0.019   0.000  slowerClk/Mcount_cnt_cy<3> (slowerClk/Mcount_cnt_cy<3>)
     MUXCY:CI->O           1   0.019   0.000  slowerClk/Mcount_cnt_cy<4> (slowerClk/Mcount_cnt_cy<4>)
     MUXCY:CI->O           1   0.019   0.000  slowerClk/Mcount_cnt_cy<5> (slowerClk/Mcount_cnt_cy<5>)
     MUXCY:CI->O           1   0.019   0.000  slowerClk/Mcount_cnt_cy<6> (slowerClk/Mcount_cnt_cy<6>)
     MUXCY:CI->O           1   0.019   0.000  slowerClk/Mcount_cnt_cy<7> (slowerClk/Mcount_cnt_cy<7>)
     MUXCY:CI->O           1   0.019   0.000  slowerClk/Mcount_cnt_cy<8> (slowerClk/Mcount_cnt_cy<8>)
     MUXCY:CI->O           1   0.019   0.000  slowerClk/Mcount_cnt_cy<9> (slowerClk/Mcount_cnt_cy<9>)
     MUXCY:CI->O           1   0.019   0.000  slowerClk/Mcount_cnt_cy<10> (slowerClk/Mcount_cnt_cy<10>)
     MUXCY:CI->O           1   0.019   0.000  slowerClk/Mcount_cnt_cy<11> (slowerClk/Mcount_cnt_cy<11>)
     MUXCY:CI->O           1   0.019   0.000  slowerClk/Mcount_cnt_cy<12> (slowerClk/Mcount_cnt_cy<12>)
     MUXCY:CI->O           1   0.019   0.000  slowerClk/Mcount_cnt_cy<13> (slowerClk/Mcount_cnt_cy<13>)
     MUXCY:CI->O           1   0.019   0.000  slowerClk/Mcount_cnt_cy<14> (slowerClk/Mcount_cnt_cy<14>)
     MUXCY:CI->O           1   0.019   0.000  slowerClk/Mcount_cnt_cy<15> (slowerClk/Mcount_cnt_cy<15>)
     MUXCY:CI->O           1   0.019   0.000  slowerClk/Mcount_cnt_cy<16> (slowerClk/Mcount_cnt_cy<16>)
     MUXCY:CI->O           1   0.019   0.000  slowerClk/Mcount_cnt_cy<17> (slowerClk/Mcount_cnt_cy<17>)
     MUXCY:CI->O           1   0.019   0.000  slowerClk/Mcount_cnt_cy<18> (slowerClk/Mcount_cnt_cy<18>)
     MUXCY:CI->O           1   0.019   0.000  slowerClk/Mcount_cnt_cy<19> (slowerClk/Mcount_cnt_cy<19>)
     MUXCY:CI->O           1   0.019   0.000  slowerClk/Mcount_cnt_cy<20> (slowerClk/Mcount_cnt_cy<20>)
     MUXCY:CI->O           1   0.019   0.000  slowerClk/Mcount_cnt_cy<21> (slowerClk/Mcount_cnt_cy<21>)
     MUXCY:CI->O           1   0.019   0.000  slowerClk/Mcount_cnt_cy<22> (slowerClk/Mcount_cnt_cy<22>)
     MUXCY:CI->O           1   0.019   0.000  slowerClk/Mcount_cnt_cy<23> (slowerClk/Mcount_cnt_cy<23>)
     MUXCY:CI->O           1   0.019   0.000  slowerClk/Mcount_cnt_cy<24> (slowerClk/Mcount_cnt_cy<24>)
     MUXCY:CI->O           1   0.019   0.000  slowerClk/Mcount_cnt_cy<25> (slowerClk/Mcount_cnt_cy<25>)
     MUXCY:CI->O           0   0.019   0.000  slowerClk/Mcount_cnt_cy<26> (slowerClk/Mcount_cnt_cy<26>)
     XORCY:CI->O           1   0.180   0.000  slowerClk/Mcount_cnt_xor<27> (slowerClk/Mcount_cnt27)
     FDC:D                     0.102          slowerClk/cnt_27
    ----------------------------------------
    Total                      4.296ns (2.051ns logic, 2.245ns route)
                                       (47.7% logic, 52.3% route)

=========================================================================
Timing constraint: Default period analysis for Clock 'slowerClk/divided_clk'
  Clock period: 3.388ns (frequency: 295.190MHz)
  Total number of paths / destination ports: 84 / 16
-------------------------------------------------------------------------
Delay:               3.388ns (Levels of Logic = 2)
  Source:            prev_sw_0 (FF)
  Destination:       timer_0 (FF)
  Source Clock:      slowerClk/divided_clk rising
  Destination Clock: slowerClk/divided_clk rising

  Data Path: prev_sw_0 to timer_0
                                Gate     Net
    Cell:in->out      fanout   Delay   Delay  Logical Name (Net Name)
    ----------------------------------------  ------------
     FDE:C->Q              2   0.447   0.617  prev_sw_0 (prev_sw_0)
     LUT6:I5->O            1   0.205   0.684  rst_sw[3]_OR_65_o1 (rst_sw[3]_OR_65_o1)
     LUT6:I4->O            8   0.203   0.802  rst_sw[3]_OR_65_o3 (rst_sw[3]_OR_65_o)
     FDR:R                     0.430          timer_0
    ----------------------------------------
    Total                      3.388ns (1.285ns logic, 2.103ns route)
                                       (37.9% logic, 62.1% route)

=========================================================================
Timing constraint: Default period analysis for Clock 'slowerClk_2Hz/divided_clk'
  Clock period: 2.790ns (frequency: 358.423MHz)
  Total number of paths / destination ports: 15 / 6
-------------------------------------------------------------------------
Delay:               2.790ns (Levels of Logic = 1)
  Source:            timer_out_0 (FF)
  Destination:       timer_out_0 (FF)
  Source Clock:      slowerClk_2Hz/divided_clk rising
  Destination Clock: slowerClk_2Hz/divided_clk rising

  Data Path: timer_out_0 to timer_out_0
                                Gate     Net
    Cell:in->out      fanout   Delay   Delay  Logical Name (Net Name)
    ----------------------------------------  ------------
     FDRE:C->Q             9   0.447   1.058  timer_out_0 (timer_out_0)
     LUT5:I2->O            3   0.205   0.650  _n03471 (_n0347)
     FDRE:R                    0.430          timer_out_0
    ----------------------------------------
    Total                      2.790ns (1.082ns logic, 1.708ns route)
                                       (38.8% logic, 61.2% route)

=========================================================================
Timing constraint: Default period analysis for Clock 'sevenSEG/slowerClk/divided_clk'
  Clock period: 3.070ns (frequency: 325.717MHz)
  Total number of paths / destination ports: 33 / 13
-------------------------------------------------------------------------
Delay:               3.070ns (Levels of Logic = 2)
  Source:            sevenSEG/count_1 (FF)
  Destination:       sevenSEG/seven_out_3 (FF)
  Source Clock:      sevenSEG/slowerClk/divided_clk rising
  Destination Clock: sevenSEG/slowerClk/divided_clk rising

  Data Path: sevenSEG/count_1 to sevenSEG/seven_out_3
                                Gate     Net
    Cell:in->out      fanout   Delay   Delay  Logical Name (Net Name)
    ----------------------------------------  ------------
     FD:C->Q              18   0.447   1.394  sevenSEG/count_1 (sevenSEG/count_1)
     LUT6:I1->O            2   0.203   0.721  sevenSEG/Mmux_count[1]_seven_out3[6]_wide_mux_3_OUT411 (sevenSEG/Mmux_count[1]_seven_out3[6]_wide_mux_3_OUT411)
     LUT6:I4->O            1   0.203   0.000  sevenSEG/Mmux_count[1]_seven_out3[6]_wide_mux_3_OUT36 (sevenSEG/count[1]_seven_out3[6]_wide_mux_3_OUT<2>)
     FD:D                      0.102          sevenSEG/seven_out_2
    ----------------------------------------
    Total                      3.070ns (0.955ns logic, 2.115ns route)
                                       (31.1% logic, 68.9% route)

=========================================================================
Timing constraint: Default OFFSET IN BEFORE for Clock 'clk'
  Total number of paths / destination ports: 206 / 156
-------------------------------------------------------------------------
Offset:              4.645ns (Levels of Logic = 3)
  Source:            rst (PAD)
  Destination:       changing (FF)
  Destination Clock: clk rising

  Data Path: rst to changing
                                Gate     Net
    Cell:in->out      fanout   Delay   Delay  Logical Name (Net Name)
    ----------------------------------------  ------------
     IBUF:I->O            97   1.222   2.105  rst_IBUF (rst_IBUF)
     LUT5:I1->O            1   0.203   0.808  _n0663_inv1 (_n0663_inv)
     LUT3:I0->O            1   0.205   0.000  unlocked_rstpot (unlocked_rstpot)
     FD:D                      0.102          unlocked
    ----------------------------------------
    Total                      4.645ns (1.732ns logic, 2.913ns route)
                                       (37.3% logic, 62.7% route)

=========================================================================
Timing constraint: Default OFFSET IN BEFORE for Clock 'slowerClk/divided_clk'
  Total number of paths / destination ports: 87 / 19
-------------------------------------------------------------------------
Offset:              5.765ns (Levels of Logic = 3)
  Source:            rst (PAD)
  Destination:       timer_0 (FF)
  Destination Clock: slowerClk/divided_clk rising

  Data Path: rst to timer_0
                                Gate     Net
    Cell:in->out      fanout   Delay   Delay  Logical Name (Net Name)
    ----------------------------------------  ------------
     IBUF:I->O            97   1.222   2.222  rst_IBUF (rst_IBUF)
     LUT6:I0->O            1   0.203   0.684  rst_sw[3]_OR_65_o1 (rst_sw[3]_OR_65_o1)
     LUT6:I4->O            8   0.203   0.802  rst_sw[3]_OR_65_o3 (rst_sw[3]_OR_65_o)
     FDR:R                     0.430          timer_0
    ----------------------------------------
    Total                      5.765ns (2.058ns logic, 3.707ns route)
                                       (35.7% logic, 64.3% route)

=========================================================================
Timing constraint: Default OFFSET OUT AFTER for Clock 'clk'
  Total number of paths / destination ports: 6 / 6
-------------------------------------------------------------------------
Offset:              3.701ns (Levels of Logic = 1)
  Source:            changing (FF)
  Destination:       changing (PAD)
  Source Clock:      clk rising

  Data Path: changing to changing
                                Gate     Net
    Cell:in->out      fanout   Delay   Delay  Logical Name (Net Name)
    ----------------------------------------  ------------
     FD:C->Q               4   0.447   0.683  changing (changing_OBUF)
     OBUF:I->O                 2.571          changing_OBUF (changing)
    ----------------------------------------
    Total                      3.701ns (3.018ns logic, 0.683ns route)
                                       (81.6% logic, 18.4% route)

=========================================================================
Timing constraint: Default OFFSET OUT AFTER for Clock 'sevenSEG/slowerClk/divided_clk'
  Total number of paths / destination ports: 11 / 11
-------------------------------------------------------------------------
Offset:              3.597ns (Levels of Logic = 1)
  Source:            sevenSEG/AN_3 (FF)
  Destination:       AN<3> (PAD)
  Source Clock:      sevenSEG/slowerClk/divided_clk rising

  Data Path: sevenSEG/AN_3 to AN<3>
                                Gate     Net
    Cell:in->out      fanout   Delay   Delay  Logical Name (Net Name)
    ----------------------------------------  ------------
     FD:C->Q               1   0.447   0.579  sevenSEG/AN_3 (sevenSEG/AN_3)
     OBUF:I->O                 2.571          AN_3_OBUF (AN<3>)
    ----------------------------------------
    Total                      3.597ns (3.018ns logic, 0.579ns route)
                                       (83.9% logic, 16.1% route)

=========================================================================

Cross Clock Domains Report:
--------------------------

Clock to Setup on destination clock clk
-------------------------+---------+---------+---------+---------+
                         | Src:Rise| Src:Fall| Src:Rise| Src:Fall|
Source Clock             |Dest:Rise|Dest:Rise|Dest:Fall|Dest:Fall|
-------------------------+---------+---------+---------+---------+
clk                      |    4.296|         |         |         |
slowerClk/divided_clk    |    3.618|         |         |         |
slowerClk_2Hz/divided_clk|    2.369|         |         |         |
-------------------------+---------+---------+---------+---------+

Clock to Setup on destination clock sevenSEG/slowerClk/divided_clk
------------------------------+---------+---------+---------+---------+
                              | Src:Rise| Src:Fall| Src:Rise| Src:Fall|
Source Clock                  |Dest:Rise|Dest:Rise|Dest:Fall|Dest:Fall|
------------------------------+---------+---------+---------+---------+
clk                           |    3.565|         |         |         |
sevenSEG/slowerClk/divided_clk|    3.070|         |         |         |
------------------------------+---------+---------+---------+---------+

Clock to Setup on destination clock slowerClk/divided_clk
---------------------+---------+---------+---------+---------+
                     | Src:Rise| Src:Fall| Src:Rise| Src:Fall|
Source Clock         |Dest:Rise|Dest:Rise|Dest:Fall|Dest:Fall|
---------------------+---------+---------+---------+---------+
clk                  |    4.757|         |         |         |
slowerClk/divided_clk|    3.388|         |         |         |
---------------------+---------+---------+---------+---------+

Clock to Setup on destination clock slowerClk_2Hz/divided_clk
-------------------------+---------+---------+---------+---------+
                         | Src:Rise| Src:Fall| Src:Rise| Src:Fall|
Source Clock             |Dest:Rise|Dest:Rise|Dest:Fall|Dest:Fall|
-------------------------+---------+---------+---------+---------+
slowerClk/divided_clk    |    3.409|         |         |         |
slowerClk_2Hz/divided_clk|    2.790|         |         |         |
-------------------------+---------+---------+---------+---------+

=========================================================================


Total REAL time to Xst completion: 6.00 secs
Total CPU time to Xst completion: 6.65 secs
 
--> 

Total memory usage is 252212 kilobytes

Number of errors   :    0 (   0 filtered)
Number of warnings :   13 (   0 filtered)
Number of infos    :    3 (   0 filtered)

