--------------------------------------------------------------------------------
Release 14.2 Trace  (nt64)
Copyright (c) 1995-2012 Xilinx, Inc.  All rights reserved.

C:\Xilinx\14.2\ISE_DS\ISE\bin\nt64\unwrapped\trce.exe -intstyle ise -v 3 -s 3
-n 3 -fastpaths -xml ASM.twx ASM.ncd -o ASM.twr ASM.pcf -ucf ASM.ucf

Design file:              ASM.ncd
Physical constraint file: ASM.pcf
Device,package,speed:     xc6slx16,csg324,C,-3 (PRODUCTION 1.22 2012-07-09)
Report level:             verbose report

Environment Variable      Effect 
--------------------      ------ 
NONE                      No environment variables were set
--------------------------------------------------------------------------------

INFO:Timing:2698 - No timing constraints found, doing default enumeration.
INFO:Timing:3412 - To improve timing, see the Timing Closure User Guide (UG612).
INFO:Timing:2752 - To get complete path coverage, use the unconstrained paths 
   option. All paths that are not constrained will be reported in the 
   unconstrained paths section(s) of the report.
INFO:Timing:3339 - The clock-to-out numbers in this timing report are based on 
   a 50 Ohm transmission line loading model.  For the details of this model, 
   and for more information on accounting for different loading conditions, 
   please see the device datasheet.



Data Sheet report:
-----------------
All values displayed in nanoseconds (ns)

Setup/Hold to clock clk
------------+------------+------------+------------+------------+------------------+--------+
            |Max Setup to|  Process   |Max Hold to |  Process   |                  | Clock  |
Source      | clk (edge) |   Corner   | clk (edge) |   Corner   |Internal Clock(s) | Phase  |
------------+------------+------------+------------+------------+------------------+--------+
clr         |    3.881(R)|      SLOW  |   -1.304(R)|      FAST  |clk_BUFGP         |   0.000|
ent         |    3.588(R)|      SLOW  |   -1.026(R)|      FAST  |clk_BUFGP         |   0.000|
rst         |    6.116(R)|      SLOW  |   -0.501(R)|      SLOW  |clk_BUFGP         |   0.000|
sw<0>       |    3.321(R)|      SLOW  |   -1.008(R)|      SLOW  |clk_BUFGP         |   0.000|
sw<1>       |    4.380(R)|      SLOW  |   -0.585(R)|      SLOW  |clk_BUFGP         |   0.000|
sw<2>       |    5.082(R)|      SLOW  |   -0.747(R)|      SLOW  |clk_BUFGP         |   0.000|
sw<3>       |    4.940(R)|      SLOW  |   -0.817(R)|      SLOW  |clk_BUFGP         |   0.000|
------------+------------+------------+------------+------------+------------------+--------+

Clock clk to Pad
------------+-----------------+------------+-----------------+------------+------------------+--------+
            |Max (slowest) clk|  Process   |Min (fastest) clk|  Process   |                  | Clock  |
Destination |  (edge) to PAD  |   Corner   |  (edge) to PAD  |   Corner   |Internal Clock(s) | Phase  |
------------+-----------------+------------+-----------------+------------+------------------+--------+
changing    |         7.641(R)|      SLOW  |         3.983(R)|      FAST  |clk_BUFGP         |   0.000|
led<0>      |         6.393(R)|      SLOW  |         2.990(R)|      FAST  |clk_BUFGP         |   0.000|
led<1>      |         6.393(R)|      SLOW  |         2.990(R)|      FAST  |clk_BUFGP         |   0.000|
led<2>      |         6.343(R)|      SLOW  |         2.940(R)|      FAST  |clk_BUFGP         |   0.000|
led<3>      |         6.343(R)|      SLOW  |         2.940(R)|      FAST  |clk_BUFGP         |   0.000|
unlocked    |         8.984(R)|      SLOW  |         4.887(R)|      FAST  |clk_BUFGP         |   0.000|
------------+-----------------+------------+-----------------+------------+------------------+--------+

Clock to Setup on destination clock clk
---------------+---------+---------+---------+---------+
               | Src:Rise| Src:Fall| Src:Rise| Src:Fall|
Source Clock   |Dest:Rise|Dest:Rise|Dest:Fall|Dest:Fall|
---------------+---------+---------+---------+---------+
clk            |    4.389|         |         |         |
---------------+---------+---------+---------+---------+


Analysis completed Fri Apr 20 18:19:35 2018 
--------------------------------------------------------------------------------

Trace Settings:
-------------------------
Trace Settings 

Peak Memory Usage: 218 MB



